app/build/intermediates/manifest_merge_blame_file/debug/manifest-merger-blame-debug-report.txt
1<?xml version="1.0" encoding="utf-8"?>
2<manifest xmlns:android="http://schemas.android.com/apk/res/android"
3    package="com.example.imageclassification"
4    android:versionCode="1"
5    android:versionName="1.0" >
6
7    <uses-sdk
8        android:minSdkVersion="26"
8-->src\main\AndroidManifest.xml
9        android:targetSdkVersion="33" />
9-->src\main\AndroidManifest.xml
10
11    <uses-permission android:name="android.permission.WRITE_EXTERNAL_STORAGE" />
11-->src\main\AndroidManifest.xml:4:1-76
11-->src\main\AndroidManifest.xml:4:18-74
12    <uses-permission android:name="android.permission.CAMERA" />
12-->src\main\AndroidManifest.xml:5:5-64
12-->src\main\AndroidManifest.xml:5:22-62
13    <uses-permission android:name="android.permission.ACCESS_NETWORK_STATE" />
13-->[com.google.mlkit:translate:17.0.2] AndroidManifest.xml:7:5-79
13-->[com.google.mlkit:translate:17.0.2] AndroidManifest.xml:7:22-76
14    <uses-permission android:name="android.permission.INTERNET" />
14-->[com.google.mlkit:translate:17.0.2] AndroidManifest.xml:8:5-67
14-->[com.google.mlkit:translate:17.0.2] AndroidManifest.xml:8:22-64
15
16    <permission
16-->[androidx.core:core:1.9.0] AndroidManifest.xml:22:5-24:47
17        android:name="com.example.imageclassification.DYNAMIC_RECEIVER_NOT_EXPORTED_PERMISSION"
17-->[androidx.core:core:1.9.0] AndroidManifest.xml:23:9-81
18        android:protectionLevel="signature" />
18-->[androidx.core:core:1.9.0] AndroidManifest.xml:24:9-44
19
20    <uses-permission android:name="com.example.imageclassification.DYNAMIC_RECEIVER_NOT_EXPORTED_PERMISSION" />
20-->[androidx.core:core:1.9.0] AndroidManifest.xml:26:5-97
20-->[androidx.core:core:1.9.0] AndroidManifest.xml:26:22-94
21
22    <application
22-->src\main\AndroidManifest.xml:6:5-21:19
23        android:allowBackup="true"
23-->src\main\AndroidManifest.xml:7:9-35
24        android:appComponentFactory="androidx.core.app.CoreComponentFactory"
24-->[androidx.core:core:1.9.0] AndroidManifest.xml:28:18-86
25        android:debuggable="true"
26        android:extractNativeLibs="false"
27        android:icon="@mipmap/ic_launcher"
27-->src\main\AndroidManifest.xml:8:9-43
28        android:label="@string/app_name"
28-->src\main\AndroidManifest.xml:9:9-41
29        android:roundIcon="@mipmap/ic_launcher_round"
29-->src\main\AndroidManifest.xml:10:9-54
30        android:supportsRtl="true"
30-->src\main\AndroidManifest.xml:11:9-35
31        android:testOnly="true"
32        android:theme="@style/Theme.ImageClassification" >
32-->src\main\AndroidManifest.xml:12:9-57
33        <activity
33-->src\main\AndroidManifest.xml:13:9-20:20
34            android:name="com.example.imageclassification.MainActivity"
34-->src\main\AndroidManifest.xml:13:19-78
35            android:exported="true" >
35-->src\main\AndroidManifest.xml:14:13-36
36            <intent-filter>
36-->src\main\AndroidManifest.xml:15:13-19:29
37                <action android:name="android.intent.action.MAIN" />
37-->src\main\AndroidManifest.xml:16:17-69
37-->src\main\AndroidManifest.xml:16:25-66
38
39                <category android:name="android.intent.category.LAUNCHER" />
39-->src\main\AndroidManifest.xml:18:17-77
39-->src\main\AndroidManifest.xml:18:27-74
40            </intent-filter>
41        </activity>
42
43        <service
43-->[com.google.mlkit:translate:17.0.2] AndroidManifest.xml:11:9-17:19
44            android:name="com.google.mlkit.common.internal.MlKitComponentDiscoveryService"
44-->[com.google.mlkit:translate:17.0.2] AndroidManifest.xml:12:13-91
45            android:directBootAware="true"
45-->[com.google.mlkit:common:18.10.0] AndroidManifest.xml:17:13-43
46            android:exported="false" >
46-->[com.google.mlkit:translate:17.0.2] AndroidManifest.xml:13:13-37
47            <meta-data
47-->[com.google.mlkit:translate:17.0.2] AndroidManifest.xml:14:13-16:85
48                android:name="com.google.firebase.components:com.google.mlkit.nl.translate.NaturalLanguageTranslateRegistrar"
48-->[com.google.mlkit:translate:17.0.2] AndroidManifest.xml:15:17-126
49                android:value="com.google.firebase.components.ComponentRegistrar" />
49-->[com.google.mlkit:translate:17.0.2] AndroidManifest.xml:16:17-82
50            <meta-data
50-->[com.google.mlkit:common:18.10.0] AndroidManifest.xml:20:13-22:85
51                android:name="com.google.firebase.components:com.google.mlkit.common.internal.CommonComponentRegistrar"
51-->[com.google.mlkit:common:18.10.0] AndroidManifest.xml:21:17-120
52                android:value="com.google.firebase.components.ComponentRegistrar" />
52-->[com.google.mlkit:common:18.10.0] AndroidManifest.xml:22:17-82
53        </service>
54
55        <provider
55-->[com.google.mlkit:common:18.10.0] AndroidManifest.xml:9:9-13:38
56            android:name="com.google.mlkit.common.internal.MlKitInitProvider"
56-->[com.google.mlkit:common:18.10.0] AndroidManifest.xml:10:13-78
57            android:authorities="com.example.imageclassification.mlkitinitprovider"
57-->[com.google.mlkit:common:18.10.0] AndroidManifest.xml:11:13-69
58            android:exported="false"
58-->[com.google.mlkit:common:18.10.0] AndroidManifest.xml:12:13-37
59            android:initOrder="99" />
59-->[com.google.mlkit:common:18.10.0] AndroidManifest.xml:13:13-35
60
61        <activity
61-->[com.google.android.gms:play-services-base:18.1.0] AndroidManifest.xml:20:9-22:45
62            android:name="com.google.android.gms.common.api.GoogleApiActivity"
62-->[com.google.android.gms:play-services-base:18.1.0] AndroidManifest.xml:20:19-85
63            android:exported="false"
63-->[com.google.android.gms:play-services-base:18.1.0] AndroidManifest.xml:22:19-43
64            android:theme="@android:style/Theme.Translucent.NoTitleBar" />
64-->[com.google.android.gms:play-services-base:18.1.0] AndroidManifest.xml:21:19-78
65
66        <meta-data
66-->[com.google.android.gms:play-services-basement:18.1.0] AndroidManifest.xml:21:9-23:69
67            android:name="com.google.android.gms.version"
67-->[com.google.android.gms:play-services-basement:18.1.0] AndroidManifest.xml:22:13-58
68            android:value="@integer/google_play_services_version" />
68-->[com.google.android.gms:play-services-basement:18.1.0] AndroidManifest.xml:23:13-66
69
70        <provider
70-->[androidx.emoji2:emoji2:1.2.0] AndroidManifest.xml:24:9-32:20
71            android:name="androidx.startup.InitializationProvider"
71-->[androidx.emoji2:emoji2:1.2.0] AndroidManifest.xml:25:13-67
72            android:authorities="com.example.imageclassification.androidx-startup"
72-->[androidx.emoji2:emoji2:1.2.0] AndroidManifest.xml:26:13-68
73            android:exported="false" >
73-->[androidx.emoji2:emoji2:1.2.0] AndroidManifest.xml:27:13-37
74            <meta-data
74-->[androidx.emoji2:emoji2:1.2.0] AndroidManifest.xml:29:13-31:52
75                android:name="androidx.emoji2.text.EmojiCompatInitializer"
75-->[androidx.emoji2:emoji2:1.2.0] AndroidManifest.xml:30:17-75
76                android:value="androidx.startup" />
76-->[androidx.emoji2:emoji2:1.2.0] AndroidManifest.xml:31:17-49
77            <meta-data
77-->[androidx.lifecycle:lifecycle-process:2.4.1] AndroidManifest.xml:31:13-33:52
78                android:name="androidx.lifecycle.ProcessLifecycleInitializer"
78-->[androidx.lifecycle:lifecycle-process:2.4.1] AndroidManifest.xml:32:17-78
79                android:value="androidx.startup" />
79-->[androidx.lifecycle:lifecycle-process:2.4.1] AndroidManifest.xml:33:17-49
80        </provider>
81
82        <service
82-->[com.google.android.datatransport:transport-backend-cct:2.3.3] AndroidManifest.xml:29:9-35:19
83            android:name="com.google.android.datatransport.runtime.backends.TransportBackendDiscovery"
83-->[com.google.android.datatransport:transport-backend-cct:2.3.3] AndroidManifest.xml:30:13-103
84            android:exported="false" >
84-->[com.google.android.datatransport:transport-backend-cct:2.3.3] AndroidManifest.xml:31:13-37
85            <meta-data
85-->[com.google.android.datatransport:transport-backend-cct:2.3.3] AndroidManifest.xml:32:13-34:39
86                android:name="backend:com.google.android.datatransport.cct.CctBackendFactory"
86-->[com.google.android.datatransport:transport-backend-cct:2.3.3] AndroidManifest.xml:33:17-94
87                android:value="cct" />
87-->[com.google.android.datatransport:transport-backend-cct:2.3.3] AndroidManifest.xml:34:17-36
88        </service>
89        <service
89-->[com.google.android.datatransport:transport-runtime:2.2.6] AndroidManifest.xml:26:9-30:19
90            android:name="com.google.android.datatransport.runtime.scheduling.jobscheduling.JobInfoSchedulerService"
90-->[com.google.android.datatransport:transport-runtime:2.2.6] AndroidManifest.xml:27:13-117
91            android:exported="false"
91-->[com.google.android.datatransport:transport-runtime:2.2.6] AndroidManifest.xml:28:13-37
92            android:permission="android.permission.BIND_JOB_SERVICE" >
92-->[com.google.android.datatransport:transport-runtime:2.2.6] AndroidManifest.xml:29:13-69
93        </service>
94
95        <receiver
95-->[com.google.android.datatransport:transport-runtime:2.2.6] AndroidManifest.xml:32:9-34:40
96            android:name="com.google.android.datatransport.runtime.scheduling.jobscheduling.AlarmManagerSchedulerBroadcastReceiver"
96-->[com.google.android.datatransport:transport-runtime:2.2.6] AndroidManifest.xml:33:13-132
97            android:exported="false" />
97-->[com.google.android.datatransport:transport-runtime:2.2.6] AndroidManifest.xml:34:13-37
98    </application>
99
100</manifest>